\BOOKMARK [0][-]{dummy.1}{\376\377\000D\000e\000c\000l\000a\000r\000a\000t\000i\000o\000n\000\040\000o\000f\000\040\000A\000u\000t\000h\000o\000r\000s\000h\000i\000p}{}% 1
\BOOKMARK [0][-]{dummy.2}{\376\377\000A\000b\000s\000t\000r\000a\000c\000t}{}% 2
\BOOKMARK [0][-]{dummy.3}{\376\377\000A\000c\000k\000n\000o\000w\000l\000e\000d\000g\000e\000m\000e\000n\000t\000s}{}% 3
\BOOKMARK [0][-]{dummy.4}{\376\377\000C\000o\000n\000t\000e\000n\000t\000s}{}% 4
\BOOKMARK [0][-]{dummy.6}{\376\377\000L\000i\000s\000t\000\040\000o\000f\000\040\000F\000i\000g\000u\000r\000e\000s}{}% 5
\BOOKMARK [0][-]{dummy.8}{\376\377\000L\000i\000s\000t\000\040\000o\000f\000\040\000T\000a\000b\000l\000e\000s}{}% 6
\BOOKMARK [0][-]{section*.10}{\376\377\000L\000i\000s\000t\000\040\000o\000f\000\040\000A\000b\000b\000r\000e\000v\000i\000a\000t\000i\000o\000n\000s}{}% 7
\BOOKMARK [0][-]{dummy.13}{\376\377\000S\000y\000m\000b\000o\000l\000s}{}% 8
\BOOKMARK [0][-]{chapter.16}{\376\377\0001\000\040\000I\000n\000t\000r\000o\000d\000u\000c\000t\000i\000o\000n}{}% 9
\BOOKMARK [1][-]{section.17}{\376\377\0001\000.\0001\000\040\000C\000o\000n\000t\000e\000x\000t}{chapter.16}% 10
\BOOKMARK [1][-]{section.18}{\376\377\0001\000.\0002\000\040\000M\000o\000t\000i\000v\000a\000t\000i\000o\000n}{chapter.16}% 11
\BOOKMARK [1][-]{section.19}{\376\377\0001\000.\0003\000\040\000A\000i\000m\000s\000\040\000\046\000\040\000O\000b\000j\000e\000c\000t\000i\000v\000e\000s}{chapter.16}% 12
\BOOKMARK [0][-]{chapter.20}{\376\377\0002\000\040\000B\000a\000c\000k\000g\000r\000o\000u\000n\000d\000\040\000\046\000\040\000L\000i\000t\000e\000r\000a\000t\000u\000r\000e\000\040\000R\000e\000v\000i\000e\000w}{}% 13
\BOOKMARK [1][-]{section.21}{\376\377\0002\000.\0001\000\040\000P\000r\000o\000g\000r\000a\000m\000m\000i\000n\000g\000\040\000L\000a\000n\000g\000u\000a\000g\000e\000\040\000R\000a\000n\000k\000i\000n\000g\000s\000\040\000a\000n\000d\000\040\000M\000e\000t\000r\000i\000c\000s}{chapter.20}% 14
\BOOKMARK [2][-]{subsection.22}{\376\377\0002\000.\0001\000.\0001\000\040\000R\000e\000d\000M\000o\000n\000k\000\040\000P\000r\000o\000g\000r\000a\000m\000m\000i\000n\000g\000\040\000L\000a\000n\000g\000u\000a\000g\000e\000\040\000R\000a\000n\000k\000i\000n\000g\000s}{section.21}% 15
\BOOKMARK [2][-]{subsection.24}{\376\377\0002\000.\0001\000.\0002\000\040\000P\000Y\000P\000L\000\040\000P\000o\000p\000u\000l\000a\000r\000i\000t\000Y\000\040\000o\000f\000\040\000P\000r\000o\000g\000r\000a\000m\000m\000i\000n\000g\000\040\000L\000a\000n\000g\000u\000a\000g\000e\000\040\000I\000n\000d\000e\000x}{section.21}% 16
\BOOKMARK [2][-]{subsection.26}{\376\377\0002\000.\0001\000.\0003\000\040\000I\000E\000E\000E\000\040\000S\000p\000e\000c\000t\000r\000u\000m\000\040\000R\000a\000n\000k\000i\000n\000g\000\040\000o\000f\000\040\000P\000r\000o\000g\000r\000a\000m\000m\000i\000n\000g\000\040\000L\000a\000n\000g\000u\000a\000g\000e\000s}{section.21}% 17
\BOOKMARK [2][-]{subsection.28}{\376\377\0002\000.\0001\000.\0004\000\040\000T\000I\000O\000B\000E}{section.21}% 18
\BOOKMARK [1][-]{section.30}{\376\377\0002\000.\0002\000\040\000O\000v\000e\000r\000v\000i\000e\000w\000\040\000o\000f\000\040\000P\000r\000o\000g\000r\000a\000m\000m\000i\000n\000g\000\040\000L\000a\000n\000g\000u\000a\000g\000e\000s}{chapter.20}% 19
\BOOKMARK [2][-]{subsection.31}{\376\377\0002\000.\0002\000.\0001\000\040\000P\000y\000t\000h\000o\000n}{section.30}% 20
\BOOKMARK [2][-]{subsection.32}{\376\377\0002\000.\0002\000.\0002\000\040\000C}{section.30}% 21
\BOOKMARK [2][-]{subsection.33}{\376\377\0002\000.\0002\000.\0003\000\040\000C\000P\000P}{section.30}% 22
\BOOKMARK [2][-]{subsection.34}{\376\377\0002\000.\0002\000.\0004\000\040\000M\000a\000t\000l\000a\000b}{section.30}% 23
\BOOKMARK [2][-]{subsection.35}{\376\377\0002\000.\0002\000.\0005\000\040\000G\000o}{section.30}% 24
\BOOKMARK [1][-]{section.36}{\376\377\0002\000.\0003\000\040\000F\000o\000r\000m\000a\000l\000\040\000V\000e\000r\000i\000f\000i\000c\000a\000t\000i\000o\000n}{chapter.20}% 25
\BOOKMARK [2][-]{subsection.37}{\376\377\0002\000.\0003\000.\0001\000\040\000B\000a\000c\000k\000g\000r\000o\000u\000n\000d}{section.36}% 26
\BOOKMARK [2][-]{subsection.38}{\376\377\0002\000.\0003\000.\0002\000\040\000Z\0003}{section.36}% 27
\BOOKMARK [3][-]{subsubsection.39}{\376\377\0002\000.\0003\000.\0002\000.\0001\000\040\000G\000o\000-\000Z\0003}{subsection.38}% 28
\BOOKMARK [2][-]{subsection.40}{\376\377\0002\000.\0003\000.\0003\000\040\000S\000a\000p\000p\000h\000i\000r\000e}{section.36}% 29
\BOOKMARK [0][-]{chapter.41}{\376\377\0003\000\040\000M\000e\000t\000h\000o\000d\000o\000l\000o\000g\000y}{}% 30
\BOOKMARK [0][-]{chapter.42}{\376\377\0004\000\040\000I\000m\000p\000l\000e\000m\000e\000n\000t\000a\000t\000i\000o\000n}{}% 31
\BOOKMARK [0][-]{chapter.43}{\376\377\0005\000\040\000A\000n\000a\000l\000y\000s\000i\000s}{}% 32
\BOOKMARK [0][-]{chapter.44}{\376\377\0006\000\040\000C\000o\000n\000c\000l\000u\000s\000i\000o\000n\000s}{}% 33
\BOOKMARK [0][-]{appendix.45}{\376\377\000A\000\040\000A\000p\000p\000e\000n\000d\000i\000x\000\040\000T\000i\000t\000l\000e\000\040\000H\000e\000r\000e}{}% 34
\BOOKMARK [0][-]{dummy.46}{\376\377\000B\000i\000b\000l\000i\000o\000g\000r\000a\000p\000h\000y}{}% 35
